\BOOKMARK [1][-]{section.1}{\376\377\000I\000n\000t\000r\000o\000d\000u\000c\000t\000i\000o\000n}{}% 1
\BOOKMARK [2][-]{subsection.1.1}{\376\377\000C\000o\000n\000t\000r\000i\000b\000u\000t\000i\000o\000n\000s}{section.1}% 2
\BOOKMARK [1][-]{section.2}{\376\377\000B\000a\000c\000k\000g\000r\000o\000u\000n\000d\000\040\000a\000n\000d\000\040\000M\000o\000t\000i\000v\000a\000t\000i\000o\000n}{}% 3
\BOOKMARK [2][-]{subsection.2.1}{\376\377\000L\000i\000m\000i\000t\000a\000t\000i\000o\000n\000s\000\040\000o\000f\000\040\000V\000P\000S\000-\000C\000e\000n\000t\000r\000i\000c\000\040\000A\000r\000c\000h\000i\000t\000e\000c\000t\000u\000r\000e\000s}{section.2}% 4
\BOOKMARK [2][-]{subsection.2.2}{\376\377\000C\000l\000o\000u\000d\000f\000l\000a\000r\000e\000\040\000W\000o\000r\000k\000e\000r\000s\000\040\000a\000s\000\040\000a\000n\000\040\000E\000x\000e\000c\000u\000t\000i\000o\000n\000\040\000P\000l\000a\000t\000f\000o\000r\000m}{section.2}% 5
\BOOKMARK [1][-]{section.3}{\376\377\000S\000y\000s\000t\000e\000m\000\040\000A\000r\000c\000h\000i\000t\000e\000c\000t\000u\000r\000e}{}% 6
\BOOKMARK [2][-]{subsection.3.1}{\376\377\000A\000r\000c\000h\000i\000t\000e\000c\000t\000u\000r\000a\000l\000\040\000O\000v\000e\000r\000v\000i\000e\000w}{section.3}% 7
\BOOKMARK [2][-]{subsection.3.2}{\376\377\000S\000i\000g\000n\000a\000l\000\040\000L\000i\000f\000e\000c\000y\000c\000l\000e}{section.3}% 8
\BOOKMARK [2][-]{subsection.3.3}{\376\377\000I\000n\000t\000e\000r\000-\000S\000e\000r\000v\000i\000c\000e\000\040\000C\000o\000m\000m\000u\000n\000i\000c\000a\000t\000i\000o\000n}{section.3}% 9
\BOOKMARK [1][-]{section.4}{\376\377\000K\000e\000y\000\040\000T\000e\000c\000h\000n\000i\000c\000a\000l\000\040\000M\000e\000c\000h\000a\000n\000i\000s\000m\000s}{}% 10
\BOOKMARK [2][-]{subsection.4.1}{\376\377\000D\000u\000p\000l\000i\000c\000a\000t\000e\000-\000S\000u\000p\000p\000r\000e\000s\000s\000i\000o\000n\000\040\000I\000d\000e\000m\000p\000o\000t\000e\000n\000c\000y}{section.4}% 11
\BOOKMARK [2][-]{subsection.4.2}{\376\377\000G\000a\000t\000e\000w\000a\000y\000\040\000H\000o\000t\000\040\000P\000a\000t\000h}{section.4}% 12
\BOOKMARK [2][-]{subsection.4.3}{\376\377\000S\000m\000a\000r\000t\000\040\000P\000l\000a\000c\000e\000m\000e\000n\000t}{section.4}% 13
\BOOKMARK [2][-]{subsection.4.4}{\376\377\000Q\000u\000e\000u\000e\000-\000B\000a\000s\000e\000d\000\040\000R\000e\000s\000i\000l\000i\000e\000n\000c\000e}{section.4}% 14
\BOOKMARK [2][-]{subsection.4.5}{\376\377\000M\000u\000l\000t\000i\000-\000E\000x\000c\000h\000a\000n\000g\000e\000\040\000E\000x\000e\000c\000u\000t\000i\000o\000n}{section.4}% 15
\BOOKMARK [2][-]{subsection.4.6}{\376\377\000A\000u\000t\000o\000n\000o\000m\000o\000u\000s\000\040\000R\000i\000s\000k\000\040\000M\000a\000n\000a\000g\000e\000m\000e\000n\000t}{section.4}% 16
\BOOKMARK [1][-]{section.5}{\376\377\000S\000e\000c\000u\000r\000i\000t\000y\000\040\000M\000o\000d\000e\000l}{}% 17
\BOOKMARK [2][-]{subsection.5.1}{\376\377\000I\000n\000g\000r\000e\000s\000s\000\040\000H\000a\000r\000d\000e\000n\000i\000n\000g}{section.5}% 18
\BOOKMARK [2][-]{subsection.5.2}{\376\377\000A\000u\000t\000h\000e\000n\000t\000i\000c\000a\000t\000i\000o\000n\000\040\000P\000r\000i\000m\000i\000t\000i\000v\000e\000s}{section.5}% 19
\BOOKMARK [2][-]{subsection.5.3}{\376\377\000R\000a\000t\000e\000\040\000L\000i\000m\000i\000t\000i\000n\000g\000\040\000a\000n\000d\000\040\000S\000e\000s\000s\000i\000o\000n\000\040\000A\000b\000u\000s\000e}{section.5}% 20
\BOOKMARK [2][-]{subsection.5.4}{\376\377\000R\000e\000s\000p\000o\000n\000s\000e\000\040\000a\000n\000d\000\040\000T\000r\000a\000n\000s\000p\000o\000r\000t\000\040\000H\000a\000r\000d\000e\000n\000i\000n\000g}{section.5}% 21
\BOOKMARK [2][-]{subsection.5.5}{\376\377\000S\000e\000c\000o\000n\000d\000a\000r\000y\000\040\000I\000n\000g\000r\000e\000s\000s\000:\000\040\000E\000m\000a\000i\000l}{section.5}% 22
\BOOKMARK [2][-]{subsection.5.6}{\376\377\000L\000L\000M\000\040\000a\000n\000d\000\040\000P\000r\000o\000m\000p\000t\000\040\000I\000n\000j\000e\000c\000t\000i\000o\000n}{section.5}% 23
\BOOKMARK [2][-]{subsection.5.7}{\376\377\000D\000a\000t\000a\000-\000L\000a\000y\000e\000r\000\040\000G\000u\000a\000r\000d\000s}{section.5}% 24
\BOOKMARK [2][-]{subsection.5.8}{\376\377\000E\000x\000c\000h\000a\000n\000g\000e\000\040\000C\000r\000e\000d\000e\000n\000t\000i\000a\000l\000\040\000H\000a\000n\000d\000l\000i\000n\000g}{section.5}% 25
\BOOKMARK [2][-]{subsection.5.9}{\376\377\000O\000p\000e\000r\000a\000t\000i\000o\000n\000a\000l\000\040\000S\000e\000c\000u\000r\000i\000t\000y\000\040\000P\000o\000s\000t\000u\000r\000e}{section.5}% 26
\BOOKMARK [1][-]{section.6}{\376\377\000I\000m\000p\000l\000e\000m\000e\000n\000t\000a\000t\000i\000o\000n}{}% 27
\BOOKMARK [2][-]{subsection.6.1}{\376\377\000M\000o\000n\000o\000r\000e\000p\000o\000\040\000L\000a\000y\000o\000u\000t}{section.6}% 28
\BOOKMARK [2][-]{subsection.6.2}{\376\377\000R\000e\000q\000u\000e\000s\000t\000\040\000P\000i\000p\000e\000l\000i\000n\000e\000\040\000a\000n\000d\000\040\000M\000i\000d\000d\000l\000e\000w\000a\000r\000e}{section.6}% 29
\BOOKMARK [2][-]{subsection.6.3}{\376\377\000C\000o\000n\000f\000i\000g\000u\000r\000a\000t\000i\000o\000n\000\040\000R\000e\000g\000i\000s\000t\000r\000y}{section.6}% 30
\BOOKMARK [2][-]{subsection.6.4}{\376\377\000E\000x\000c\000h\000a\000n\000g\000e\000\040\000I\000n\000t\000e\000g\000r\000a\000t\000i\000o\000n\000s}{section.6}% 31
\BOOKMARK [2][-]{subsection.6.5}{\376\377\000A\000u\000t\000o\000n\000o\000m\000o\000u\000s\000\040\000A\000g\000e\000n\000t\000\040\000I\000m\000p\000l\000e\000m\000e\000n\000t\000a\000t\000i\000o\000n}{section.6}% 32
\BOOKMARK [2][-]{subsection.6.6}{\376\377\000W\000e\000b\0003\000\040\000E\000x\000e\000c\000u\000t\000i\000o\000n\000\040\000W\000o\000r\000k\000e\000r}{section.6}% 33
\BOOKMARK [2][-]{subsection.6.7}{\376\377\000T\000o\000o\000l\000i\000n\000g\000\040\000a\000n\000d\000\040\000U\000s\000e\000r\000\040\000I\000n\000t\000e\000r\000f\000a\000c\000e}{section.6}% 34
\BOOKMARK [1][-]{section.7}{\376\377\000E\000v\000a\000l\000u\000a\000t\000i\000o\000n}{}% 35
\BOOKMARK [2][-]{subsection.7.1}{\376\377\000M\000e\000a\000s\000u\000r\000e\000m\000e\000n\000t\000\040\000T\000a\000x\000o\000n\000o\000m\000y}{section.7}% 36
\BOOKMARK [2][-]{subsection.7.2}{\376\377\000M\000e\000t\000h\000o\000d\000o\000l\000o\000g\000y}{section.7}% 37
\BOOKMARK [2][-]{subsection.7.3}{\376\377\000O\000b\000s\000e\000r\000v\000a\000b\000i\000l\000i\000t\000y\000\040\000P\000i\000p\000e\000l\000i\000n\000e}{section.7}% 38
\BOOKMARK [2][-]{subsection.7.4}{\376\377\000L\000a\000t\000e\000n\000c\000y\000\040\000R\000e\000s\000u\000l\000t\000s}{section.7}% 39
\BOOKMARK [2][-]{subsection.7.5}{\376\377\000C\000o\000s\000t\000\040\000A\000n\000a\000l\000y\000s\000i\000s}{section.7}% 40
\BOOKMARK [2][-]{subsection.7.6}{\376\377\000R\000e\000l\000i\000a\000b\000i\000l\000i\000t\000y}{section.7}% 41
\BOOKMARK [1][-]{section.8}{\376\377\000R\000e\000l\000a\000t\000e\000d\000\040\000W\000o\000r\000k}{}% 42
\BOOKMARK [1][-]{section.9}{\376\377\000L\000i\000m\000i\000t\000a\000t\000i\000o\000n\000s\000\040\000a\000n\000d\000\040\000F\000u\000t\000u\000r\000e\000\040\000W\000o\000r\000k}{}% 43
\BOOKMARK [1][-]{section.10}{\376\377\000C\000o\000n\000c\000l\000u\000s\000i\000o\000n}{}% 44
\BOOKMARK [1][-]{section.11}{\376\377\000A\000r\000c\000h\000i\000t\000e\000c\000t\000u\000r\000e\000\040\000D\000e\000c\000i\000s\000i\000o\000n\000\040\000R\000e\000c\000o\000r\000d\000s}{}% 45
\BOOKMARK [2][-]{subsection.11.1}{\376\377\000A\000D\000R\000-\0000\0000\0001\000:\000\040\000C\000l\000o\000u\000d\000f\000l\000a\000r\000e\000\040\000W\000o\000r\000k\000e\000r\000s\000\040\000a\000s\000\040\000E\000x\000e\000c\000u\000t\000i\000o\000n\000\040\000P\000l\000a\000t\000f\000o\000r\000m}{section.11}% 46
\BOOKMARK [2][-]{subsection.11.2}{\376\377\000A\000D\000R\000-\0000\0000\0002\000:\000\040\000S\000Q\000L\000i\000t\000e\000-\000B\000a\000c\000k\000e\000d\000\040\000D\000u\000r\000a\000b\000l\000e\000\040\000O\000b\000j\000e\000c\000t\000s\000\040\000f\000o\000r\000\040\000I\000d\000e\000m\000p\000o\000t\000e\000n\000c\000y}{section.11}% 47
\BOOKMARK [2][-]{subsection.11.3}{\376\377\000A\000D\000R\000-\0000\0000\0003\000:\000\040\000T\000e\000n\000-\000M\000i\000c\000r\000o\000s\000e\000r\000v\000i\000c\000e\000\040\000W\000o\000r\000k\000e\000r\000\040\000A\000r\000c\000h\000i\000t\000e\000c\000t\000u\000r\000e}{section.11}% 48
\BOOKMARK [2][-]{subsection.11.4}{\376\377\000A\000D\000R\000-\0000\0000\0004\000:\000\040\000D\000u\000a\000l\000-\000L\000a\000y\000e\000r\000\040\000C\000o\000n\000f\000i\000g\000u\000r\000a\000t\000i\000o\000n\000\040\000\050\000S\000e\000c\000r\000e\000t\000s\000\040\000+\000\040\000K\000V\000\051}{section.11}% 49
\BOOKMARK [2][-]{subsection.11.5}{\376\377\000A\000D\000R\000-\0000\0000\0005\000:\000\040\000M\000u\000l\000t\000i\000-\000P\000r\000o\000v\000i\000d\000e\000r\000\040\000A\000I\000\040\000G\000a\000t\000e\000w\000a\000y\000\040\000w\000i\000t\000h\000\040\000F\000a\000l\000l\000b\000a\000c\000k\000\040\000C\000h\000a\000i\000n}{section.11}% 50
\BOOKMARK [2][-]{subsection.11.6}{\376\377\000A\000D\000R\000-\0000\0000\0006\000:\000\040\000B\000u\000n\000\040\000W\000o\000r\000k\000s\000p\000a\000c\000e\000s\000\040\000f\000o\000r\000\040\000M\000o\000n\000o\000r\000e\000p\000o\000\040\000M\000a\000n\000a\000g\000e\000m\000e\000n\000t}{section.11}% 51
\BOOKMARK [1][-]{section.12}{\376\377\000W\000o\000r\000k\000e\000r\000\040\000I\000m\000p\000l\000e\000m\000e\000n\000t\000a\000t\000i\000o\000n\000\040\000R\000e\000f\000e\000r\000e\000n\000c\000e}{}% 52
\BOOKMARK [2][-]{subsection.12.1}{\376\377\000G\000a\000t\000e\000w\000a\000y\000\040\000W\000o\000r\000k\000e\000r\000\040\000\050\000h\000o\000o\000x\000\051}{section.12}% 53
\BOOKMARK [2][-]{subsection.12.2}{\376\377\000E\000x\000e\000c\000u\000t\000i\000o\000n\000\040\000W\000o\000r\000k\000e\000r\000\040\000\050\000t\000r\000a\000d\000e\000-\000w\000o\000r\000k\000e\000r\000\051}{section.12}% 54
\BOOKMARK [2][-]{subsection.12.3}{\376\377\000A\000g\000e\000n\000t\000\040\000W\000o\000r\000k\000e\000r\000\040\000\050\000a\000g\000e\000n\000t\000-\000w\000o\000r\000k\000e\000r\000\051}{section.12}% 55
\BOOKMARK [2][-]{subsection.12.4}{\376\377\000T\000e\000l\000e\000g\000r\000a\000m\000\040\000W\000o\000r\000k\000e\000r\000\040\000\050\000t\000e\000l\000e\000g\000r\000a\000m\000-\000w\000o\000r\000k\000e\000r\000\051}{section.12}% 56
\BOOKMARK [2][-]{subsection.12.5}{\376\377\000D\000a\000t\000a\000\040\000W\000o\000r\000k\000e\000r\000\040\000\050\000d\0001\000-\000w\000o\000r\000k\000e\000r\000\051}{section.12}% 57
\BOOKMARK [2][-]{subsection.12.6}{\376\377\000E\000m\000a\000i\000l\000\040\000W\000o\000r\000k\000e\000r\000\040\000\050\000e\000m\000a\000i\000l\000-\000w\000o\000r\000k\000e\000r\000\051}{section.12}% 58
\BOOKMARK [2][-]{subsection.12.7}{\376\377\000W\000e\000b\0003\000\040\000W\000a\000l\000l\000e\000t\000\040\000W\000o\000r\000k\000e\000r\000\040\000\050\000w\000e\000b\0003\000-\000w\000a\000l\000l\000e\000t\000-\000w\000o\000r\000k\000e\000r\000\051}{section.12}% 59
\BOOKMARK [2][-]{subsection.12.8}{\376\377\000A\000n\000a\000l\000y\000t\000i\000c\000s\000\040\000W\000o\000r\000k\000e\000r\000\040\000\050\000a\000n\000a\000l\000y\000t\000i\000c\000s\000-\000w\000o\000r\000k\000e\000r\000\051}{section.12}% 60
\BOOKMARK [2][-]{subsection.12.9}{\376\377\000R\000e\000p\000o\000r\000t\000\040\000W\000o\000r\000k\000e\000r\000\040\000\050\000r\000e\000p\000o\000r\000t\000-\000w\000o\000r\000k\000e\000r\000\051}{section.12}% 61
\BOOKMARK [2][-]{subsection.12.10}{\376\377\000D\000a\000s\000h\000b\000o\000a\000r\000d\000\040\000\050\000d\000a\000s\000h\000b\000o\000a\000r\000d\000\051}{section.12}% 62
\BOOKMARK [1][-]{section.13}{\376\377\000D\000a\000t\000a\000\040\000L\000a\000y\000e\000r\000\040\000a\000n\000d\000\040\000P\000e\000r\000s\000i\000s\000t\000e\000n\000c\000e}{}% 63
\BOOKMARK [2][-]{subsection.13.1}{\376\377\000D\0001\000\040\000S\000c\000h\000e\000m\000a}{section.13}% 64
\BOOKMARK [2][-]{subsection.13.2}{\376\377\000W\000r\000i\000t\000e\000\040\000P\000a\000t\000h\000\040\000a\000n\000d\000\040\000L\000a\000t\000e\000n\000c\000y\000\040\000T\000r\000a\000d\000e\000-\000o\000f\000f}{section.13}% 65
\BOOKMARK [2][-]{subsection.13.3}{\376\377\000S\000Q\000L\000\040\000Q\000u\000e\000r\000y\000\040\000G\000u\000a\000r\000d}{section.13}% 66
\BOOKMARK [2][-]{subsection.13.4}{\376\377\000R\0002\000\040\000O\000b\000j\000e\000c\000t\000\040\000L\000a\000y\000o\000u\000t}{section.13}% 67
\BOOKMARK [2][-]{subsection.13.5}{\376\377\000A\000n\000a\000l\000y\000t\000i\000c\000s\000\040\000E\000n\000g\000i\000n\000e}{section.13}% 68
\BOOKMARK [1][-]{section.14}{\376\377\000R\000u\000n\000t\000i\000m\000e\000\040\000S\000e\000m\000a\000n\000t\000i\000c\000s\000\040\000a\000n\000d\000\040\000P\000l\000a\000t\000f\000o\000r\000m\000\040\000C\000o\000n\000s\000t\000r\000a\000i\000n\000t\000s}{}% 69
\BOOKMARK [2][-]{subsection.14.1}{\376\377\000V\0008\000\040\000I\000s\000o\000l\000a\000t\000e\000\040\000E\000x\000e\000c\000u\000t\000i\000o\000n\000\040\000M\000o\000d\000e\000l}{section.14}% 70
\BOOKMARK [2][-]{subsection.14.2}{\376\377\000w\000a\000i\000t\000U\000n\000t\000i\000l\000\040\000a\000n\000d\000\040\000F\000i\000r\000e\000-\000a\000n\000d\000-\000F\000o\000r\000g\000e\000t\000\040\000S\000i\000d\000e\000\040\000E\000f\000f\000e\000c\000t\000s}{section.14}% 71
\BOOKMARK [2][-]{subsection.14.3}{\376\377\000D\000u\000r\000a\000b\000l\000e\000\040\000O\000b\000j\000e\000c\000t\000\040\000A\000d\000d\000r\000e\000s\000s\000i\000n\000g}{section.14}% 72
\BOOKMARK [2][-]{subsection.14.4}{\376\377\000K\000V\000\040\000C\000o\000n\000s\000i\000s\000t\000e\000n\000c\000y\000\040\000a\000n\000d\000\040\000C\000a\000c\000h\000i\000n\000g}{section.14}% 73
\BOOKMARK [2][-]{subsection.14.5}{\376\377\000Q\000u\000e\000u\000e\000\040\000R\000e\000t\000r\000y\000\040\000C\000o\000m\000p\000o\000s\000i\000t\000i\000o\000n}{section.14}% 74
\BOOKMARK [2][-]{subsection.14.6}{\376\377\000O\000u\000t\000b\000o\000u\000n\000d\000\040\000f\000e\000t\000c\000h\000\040\000a\000n\000d\000\040\000S\000m\000a\000r\000t\000\040\000P\000l\000a\000c\000e\000m\000e\000n\000t}{section.14}% 75
\BOOKMARK [2][-]{subsection.14.7}{\376\377\000W\000e\000b\0003\000\040\000I\000s\000o\000l\000a\000t\000e\000\040\000C\000o\000n\000s\000t\000r\000a\000i\000n\000t\000s}{section.14}% 76
\BOOKMARK [1][-]{section.15}{\376\377\000A\000d\000v\000a\000n\000c\000e\000d\000\040\000M\000e\000c\000h\000a\000n\000i\000s\000m\000s}{}% 77
\BOOKMARK [2][-]{subsection.15.1}{\376\377\000E\000x\000c\000h\000a\000n\000g\000e\000\040\000W\000e\000b\000S\000o\000c\000k\000e\000t\000\040\000A\000d\000a\000p\000t\000e\000r\000\040\000I\000n\000t\000e\000r\000n\000a\000l\000s}{section.15}% 78
\BOOKMARK [2][-]{subsection.15.2}{\376\377\000D\0001\000\040\000B\000a\000t\000c\000h\000\040\000T\000r\000a\000n\000s\000a\000c\000t\000i\000o\000n\000\040\000S\000e\000m\000a\000n\000t\000i\000c\000s}{section.15}% 79
\BOOKMARK [2][-]{subsection.15.3}{\376\377\000P\000r\000o\000v\000i\000d\000e\000r\000M\000a\000n\000a\000g\000e\000r\000\040\000F\000a\000l\000l\000b\000a\000c\000k\000\040\000S\000t\000a\000t\000e\000\040\000M\000a\000c\000h\000i\000n\000e}{section.15}% 80
\BOOKMARK [1][-]{appendix.A}{\376\377\000R\000e\000p\000r\000o\000d\000u\000c\000i\000b\000i\000l\000i\000t\000y\000\040\000P\000r\000o\000t\000o\000c\000o\000l}{}% 81
\BOOKMARK [1][-]{appendix.B}{\376\377\000C\000L\000I\000\040\000C\000o\000m\000m\000a\000n\000d\000\040\000R\000e\000f\000e\000r\000e\000n\000c\000e\000\040\000\050\000A\000b\000b\000r\000e\000v\000i\000a\000t\000e\000d\000\051}{}% 82
\BOOKMARK [1][-]{appendix.C}{\376\377\000T\000h\000r\000e\000a\000t\000\040\000M\000o\000d\000e\000l\000\040\000S\000u\000m\000m\000a\000r\000y}{}% 83
\BOOKMARK [1][-]{appendix.D}{\376\377\000C\000l\000o\000u\000d\000f\000l\000a\000r\000e\000\040\000B\000i\000n\000d\000i\000n\000g\000s\000\040\000R\000e\000g\000i\000s\000t\000r\000y}{}% 84
\BOOKMARK [2][-]{subsection.D.1}{\376\377\000R\000u\000n\000t\000i\000m\000e\000\040\000S\000e\000c\000r\000e\000t\000s}{appendix.D}% 85
\BOOKMARK [2][-]{subsection.D.2}{\376\377\000S\000e\000r\000v\000i\000c\000e\000\040\000B\000i\000n\000d\000i\000n\000g\000s}{appendix.D}% 86
\BOOKMARK [2][-]{subsection.D.3}{\376\377\000S\000t\000o\000r\000a\000g\000e\000\040\000a\000n\000d\000\040\000C\000o\000o\000r\000d\000i\000n\000a\000t\000i\000o\000n\000\040\000B\000i\000n\000d\000i\000n\000g\000s}{appendix.D}% 87
\BOOKMARK [1][-]{appendix.E}{\376\377\000G\000r\000a\000p\000h\000-\000D\000e\000r\000i\000v\000e\000d\000\040\000A\000r\000c\000h\000i\000t\000e\000c\000t\000u\000r\000e\000\040\000R\000e\000f\000e\000r\000e\000n\000c\000e}{}% 88
\BOOKMARK [2][-]{subsection.E.1}{\376\377\000D\000a\000t\000a\000-\000f\000l\000o\000w\000\040\000e\000d\000g\000e\000s}{appendix.E}% 89
\BOOKMARK [2][-]{subsection.E.2}{\376\377\000A\000r\000c\000h\000i\000t\000e\000c\000t\000u\000r\000e\000\040\000c\000o\000m\000m\000u\000n\000i\000t\000i\000e\000s}{appendix.E}% 90
\BOOKMARK [1][-]{appendix.F}{\376\377\000T\000e\000s\000t\000\040\000E\000x\000c\000e\000r\000p\000t\000s\000\040\000a\000n\000d\000\040\000F\000a\000i\000l\000u\000r\000e\000\040\000T\000a\000x\000o\000n\000o\000m\000y}{}% 91
\BOOKMARK [2][-]{subsection.F.1}{\376\377\000R\000e\000p\000r\000e\000s\000e\000n\000t\000a\000t\000i\000v\000e\000\040\000U\000n\000i\000t\000\040\000T\000e\000s\000t\000s}{appendix.F}% 92
\BOOKMARK [2][-]{subsection.F.2}{\376\377\000I\000n\000t\000e\000g\000r\000a\000t\000i\000o\000n\000\040\000a\000n\000d\000\040\000S\000e\000c\000u\000r\000i\000t\000y\000\040\000T\000e\000s\000t\000s}{appendix.F}% 93
\BOOKMARK [2][-]{subsection.F.3}{\376\377\000L\000o\000a\000d\000\040\000T\000e\000s\000t\000\040\000T\000h\000r\000e\000s\000h\000o\000l\000d\000s}{appendix.F}% 94
\BOOKMARK [2][-]{subsection.F.4}{\376\377\000F\000a\000i\000l\000u\000r\000e\000\040\000T\000a\000x\000o\000n\000o\000m\000y}{appendix.F}% 95
\BOOKMARK [1][-]{appendix.G}{\376\377\000C\000o\000d\000e\000\040\000L\000i\000s\000t\000i\000n\000g\000s\000\040\000I\000n\000d\000e\000x}{}% 96
\BOOKMARK [2][-]{subsection.G.1}{\376\377\000G\000a\000t\000e\000w\000a\000y}{appendix.G}% 97
\BOOKMARK [2][-]{subsection.G.2}{\376\377\000E\000x\000e\000c\000u\000t\000i\000o\000n}{appendix.G}% 98
\BOOKMARK [2][-]{subsection.G.3}{\376\377\000W\000e\000b\0003\000\040\000/\000\040\000D\000e\000F\000i}{appendix.G}% 99
\BOOKMARK [2][-]{subsection.G.4}{\376\377\000E\000x\000c\000h\000a\000n\000g\000e\000\040\000c\000l\000i\000e\000n\000t\000s}{appendix.G}% 100
\BOOKMARK [2][-]{subsection.G.5}{\376\377\000A\000g\000e\000n\000t\000\040\000/\000\040\000A\000I}{appendix.G}% 101
\BOOKMARK [2][-]{subsection.G.6}{\376\377\000D\000a\000t\000a\000\040\000l\000a\000y\000e\000r}{appendix.G}% 102
\BOOKMARK [2][-]{subsection.G.7}{\376\377\000O\000b\000s\000e\000r\000v\000a\000b\000i\000l\000i\000t\000y}{appendix.G}% 103
\BOOKMARK [2][-]{subsection.G.8}{\376\377\000E\000m\000a\000i\000l\000\040\000i\000n\000g\000r\000e\000s\000s}{appendix.G}% 104
\BOOKMARK [2][-]{subsection.G.9}{\376\377\000S\000h\000a\000r\000e\000d\000\040\000m\000i\000d\000d\000l\000e\000w\000a\000r\000e}{appendix.G}% 105
\BOOKMARK [2][-]{subsection.G.10}{\376\377\000S\000h\000a\000r\000e\000d\000\040\000p\000a\000c\000k\000a\000g\000e\000s}{appendix.G}% 106
\BOOKMARK [2][-]{subsection.G.11}{\376\377\000T\000e\000s\000t\000s}{appendix.G}% 107
